INFO  06:33:30 Application started. Press Ctrl+C to shut down.
INFO  06:33:30 Application started. Press Ctrl+C to shut down.
INFO  06:33:30 Hosting environment: Development
INFO  06:33:30 Hosting environment: Development
INFO  06:33:30 Content root path: C:\Users\Ritik\source\repos\Cake Shop\ItemsApi
INFO  06:33:30 Content root path: C:\Users\Ritik\source\repos\Cake Shop\ItemsApi
INFO  06:33:30 Fetching Items
INFO  11:42:21 Application started. Press Ctrl+C to shut down.
INFO  11:42:21 Application started. Press Ctrl+C to shut down.
INFO  11:42:21 Hosting environment: Development
INFO  11:42:21 Hosting environment: Development
INFO  11:42:21 Content root path: C:\Users\Ritik\source\repos\Cake Shop\ItemsApi
INFO  11:42:21 Content root path: C:\Users\Ritik\source\repos\Cake Shop\ItemsApi
INFO  11:42:22 Fetching Items
INFO  11:42:22 Fetching Items
INFO  11:49:53 Application started. Press Ctrl+C to shut down.
INFO  11:49:53 Application started. Press Ctrl+C to shut down.
INFO  11:49:53 Hosting environment: Development
INFO  11:49:53 Hosting environment: Development
INFO  11:49:53 Content root path: C:\Users\Ritik\source\repos\Cake Shop\ItemsApi
INFO  11:49:53 Content root path: C:\Users\Ritik\source\repos\Cake Shop\ItemsApi
INFO  11:49:54 Fetching Items
INFO  11:49:54 Fetching Items
INFO  12:03:52 Application started. Press Ctrl+C to shut down.
INFO  12:03:52 Application started. Press Ctrl+C to shut down.
INFO  12:03:52 Hosting environment: Development
INFO  12:03:52 Hosting environment: Development
INFO  12:03:52 Content root path: C:\Users\Ritik\source\repos\Cake Shop\ItemsApi
INFO  12:03:52 Content root path: C:\Users\Ritik\source\repos\Cake Shop\ItemsApi
INFO  12:03:53 Fetching Items
INFO  12:03:53 Fetching Items
INFO  12:45:37 Application started. Press Ctrl+C to shut down.
INFO  12:45:37 Application started. Press Ctrl+C to shut down.
INFO  12:45:37 Hosting environment: Development
INFO  12:45:37 Hosting environment: Development
INFO  12:45:37 Content root path: C:\Users\Ritik\source\repos\Cake Shop\ItemsApi
INFO  12:45:37 Content root path: C:\Users\Ritik\source\repos\Cake Shop\ItemsApi
INFO  12:45:37 Fetching Items
INFO  12:45:38 Fetching Items
INFO  12:47:07 Application started. Press Ctrl+C to shut down.
INFO  12:47:07 Application started. Press Ctrl+C to shut down.
INFO  12:47:07 Hosting environment: Development
INFO  12:47:07 Hosting environment: Development
INFO  12:47:07 Content root path: C:\Users\Ritik\source\repos\Cake Shop\ItemsApi
INFO  12:47:07 Content root path: C:\Users\Ritik\source\repos\Cake Shop\ItemsApi
INFO  12:47:07 Fetching Items
INFO  12:47:08 Fetching Items
INFO  12:48:50 Application started. Press Ctrl+C to shut down.
INFO  12:48:50 Application started. Press Ctrl+C to shut down.
INFO  12:48:50 Hosting environment: Development
INFO  12:48:50 Hosting environment: Development
INFO  12:48:50 Content root path: C:\Users\Ritik\source\repos\Cake Shop\ItemsApi
INFO  12:48:50 Content root path: C:\Users\Ritik\source\repos\Cake Shop\ItemsApi
INFO  12:48:51 Fetching Items
INFO  12:48:51 Fetching Items
INFO  12:51:02 Application started. Press Ctrl+C to shut down.
INFO  12:51:02 Application started. Press Ctrl+C to shut down.
INFO  12:51:02 Hosting environment: Development
INFO  12:51:02 Hosting environment: Development
INFO  12:51:02 Content root path: C:\Users\Ritik\source\repos\Cake Shop\ItemsApi
INFO  12:51:02 Content root path: C:\Users\Ritik\source\repos\Cake Shop\ItemsApi
INFO  12:51:04 Fetching Items
INFO  12:51:06 Fetching Items
INFO  12:55:44 Application started. Press Ctrl+C to shut down.
INFO  12:55:45 Application started. Press Ctrl+C to shut down.
INFO  12:55:46 Hosting environment: Development
INFO  12:55:46 Hosting environment: Development
INFO  12:55:46 Content root path: C:\Users\Ritik\source\repos\Cake Shop\ItemsApi
INFO  12:55:46 Content root path: C:\Users\Ritik\source\repos\Cake Shop\ItemsApi
INFO  12:55:46 Fetching Items
INFO  12:55:46 Fetching Items
INFO  12:58:13 Application started. Press Ctrl+C to shut down.
INFO  12:58:13 Application started. Press Ctrl+C to shut down.
INFO  12:58:13 Hosting environment: Development
INFO  12:58:13 Hosting environment: Development
INFO  12:58:13 Content root path: C:\Users\Ritik\source\repos\Cake Shop\ItemsApi
INFO  12:58:13 Content root path: C:\Users\Ritik\source\repos\Cake Shop\ItemsApi
INFO  12:58:14 Fetching Items
INFO  12:58:14 Fetching Items
INFO  01:00:43 Application started. Press Ctrl+C to shut down.
INFO  01:00:43 Application started. Press Ctrl+C to shut down.
INFO  01:00:43 Hosting environment: Development
INFO  01:00:43 Hosting environment: Development
INFO  01:00:43 Content root path: C:\Users\Ritik\source\repos\Cake Shop\ItemsApi
INFO  01:00:43 Content root path: C:\Users\Ritik\source\repos\Cake Shop\ItemsApi
INFO  01:00:43 Fetching Items
INFO  01:00:46 Fetching Items
INFO  01:04:45 Application started. Press Ctrl+C to shut down.
INFO  01:04:45 Application started. Press Ctrl+C to shut down.
INFO  01:04:45 Hosting environment: Development
INFO  01:04:45 Hosting environment: Development
INFO  01:04:45 Content root path: C:\Users\Ritik\source\repos\Cake Shop\ItemsApi
INFO  01:04:45 Content root path: C:\Users\Ritik\source\repos\Cake Shop\ItemsApi
INFO  01:04:46 Fetching Items
INFO  01:04:46 Fetching Items
INFO  01:08:39 Application started. Press Ctrl+C to shut down.
INFO  01:08:39 Application started. Press Ctrl+C to shut down.
INFO  01:08:39 Hosting environment: Development
INFO  01:08:39 Hosting environment: Development
INFO  01:08:39 Content root path: C:\Users\Ritik\source\repos\Cake Shop\ItemsApi
INFO  01:08:39 Content root path: C:\Users\Ritik\source\repos\Cake Shop\ItemsApi
INFO  01:08:39 Fetching Items
INFO  01:08:40 Fetching Items
INFO  01:26:01 Application started. Press Ctrl+C to shut down.
INFO  01:26:01 Application started. Press Ctrl+C to shut down.
INFO  01:26:01 Hosting environment: Development
INFO  01:26:01 Hosting environment: Development
INFO  01:26:01 Content root path: C:\Users\Ritik\source\repos\Cake Shop\ItemsApi
INFO  01:26:01 Content root path: C:\Users\Ritik\source\repos\Cake Shop\ItemsApi
INFO  01:26:01 Fetching Items
INFO  01:26:02 Fetching Items
INFO  01:27:34 Application started. Press Ctrl+C to shut down.
INFO  01:27:34 Application started. Press Ctrl+C to shut down.
INFO  01:27:34 Hosting environment: Development
INFO  01:27:34 Hosting environment: Development
INFO  01:27:34 Content root path: C:\Users\Ritik\source\repos\Cake Shop\ItemsApi
INFO  01:27:34 Content root path: C:\Users\Ritik\source\repos\Cake Shop\ItemsApi
INFO  01:27:34 Fetching Items
INFO  01:27:35 Fetching Items
INFO  01:29:41 Fetching Items
INFO  01:35:28 Application started. Press Ctrl+C to shut down.
INFO  01:35:28 Application started. Press Ctrl+C to shut down.
INFO  01:35:28 Hosting environment: Development
INFO  01:35:28 Hosting environment: Development
INFO  01:35:28 Content root path: C:\Users\Ritik\source\repos\Cake Shop\ItemsApi
INFO  01:35:28 Content root path: C:\Users\Ritik\source\repos\Cake Shop\ItemsApi
INFO  01:35:29 Fetching Items
INFO  01:35:29 Fetching Items
INFO  01:38:50 Application started. Press Ctrl+C to shut down.
INFO  01:38:50 Application started. Press Ctrl+C to shut down.
INFO  01:38:50 Hosting environment: Development
INFO  01:38:50 Hosting environment: Development
INFO  01:38:50 Content root path: C:\Users\Ritik\source\repos\Cake Shop\ItemsApi
INFO  01:38:50 Content root path: C:\Users\Ritik\source\repos\Cake Shop\ItemsApi
INFO  01:38:51 Fetching Items
INFO  01:38:51 Fetching Items
INFO  01:41:08 Application started. Press Ctrl+C to shut down.
INFO  01:41:08 Application started. Press Ctrl+C to shut down.
INFO  01:41:08 Hosting environment: Development
INFO  01:41:08 Hosting environment: Development
INFO  01:41:08 Content root path: C:\Users\Ritik\source\repos\Cake Shop\ItemsApi
INFO  01:41:08 Content root path: C:\Users\Ritik\source\repos\Cake Shop\ItemsApi
INFO  01:41:09 Fetching Items
INFO  01:41:09 Fetching Items
INFO  02:28:09 Application started. Press Ctrl+C to shut down.
INFO  02:28:09 Application started. Press Ctrl+C to shut down.
INFO  02:28:09 Hosting environment: Development
INFO  02:28:09 Hosting environment: Development
INFO  02:28:09 Content root path: C:\Users\Ritik\source\repos\Cake Shop\ItemsApi
INFO  02:28:09 Content root path: C:\Users\Ritik\source\repos\Cake Shop\ItemsApi
INFO  02:28:10 Fetching Items
INFO  02:28:10 Fetching Items
INFO  02:54:08 Application started. Press Ctrl+C to shut down.
INFO  02:54:08 Application started. Press Ctrl+C to shut down.
INFO  02:54:08 Hosting environment: Development
INFO  02:54:08 Hosting environment: Development
INFO  02:54:08 Content root path: C:\Users\Ritik\source\repos\Cake Shop\ItemsApi
INFO  02:54:08 Content root path: C:\Users\Ritik\source\repos\Cake Shop\ItemsApi
INFO  02:54:09 Fetching Items
INFO  02:54:09 Fetching Items
INFO  03:02:29 Application started. Press Ctrl+C to shut down.
INFO  03:02:29 Application started. Press Ctrl+C to shut down.
INFO  03:02:29 Hosting environment: Development
INFO  03:02:29 Hosting environment: Development
INFO  03:02:29 Content root path: C:\Users\Ritik\source\repos\Cake Shop\ItemsApi
INFO  03:02:29 Content root path: C:\Users\Ritik\source\repos\Cake Shop\ItemsApi
INFO  03:02:29 Fetching Items
INFO  03:02:30 Fetching Items
INFO  03:18:15 Application started. Press Ctrl+C to shut down.
INFO  03:18:15 Application started. Press Ctrl+C to shut down.
INFO  03:18:15 Hosting environment: Development
INFO  03:18:15 Hosting environment: Development
INFO  03:18:15 Content root path: C:\Users\Ritik\source\repos\Cake Shop\ItemsApi
INFO  03:18:15 Content root path: C:\Users\Ritik\source\repos\Cake Shop\ItemsApi
INFO  03:18:16 Fetching Items
INFO  03:18:16 Fetching Items
INFO  03:26:41 Application started. Press Ctrl+C to shut down.
INFO  03:26:41 Application started. Press Ctrl+C to shut down.
INFO  03:26:41 Hosting environment: Development
INFO  03:26:41 Hosting environment: Development
INFO  03:26:41 Content root path: C:\Users\Ritik\source\repos\Cake Shop\ItemsApi
INFO  03:26:41 Content root path: C:\Users\Ritik\source\repos\Cake Shop\ItemsApi
INFO  03:26:41 Fetching Items
INFO  03:26:41 Fetching Items
INFO  03:33:06 Application started. Press Ctrl+C to shut down.
INFO  03:33:06 Application started. Press Ctrl+C to shut down.
INFO  03:33:06 Hosting environment: Development
INFO  03:33:06 Hosting environment: Development
INFO  03:33:06 Content root path: C:\Users\Ritik\source\repos\Cake Shop\ItemsApi
INFO  03:33:06 Content root path: C:\Users\Ritik\source\repos\Cake Shop\ItemsApi
INFO  03:33:07 Fetching Items
INFO  03:33:07 Fetching Items
INFO  06:13:37 Application started. Press Ctrl+C to shut down.
INFO  06:13:37 Application started. Press Ctrl+C to shut down.
INFO  06:13:37 Hosting environment: Development
INFO  06:13:37 Hosting environment: Development
INFO  06:13:37 Content root path: C:\Users\Ritik\source\repos\Cake Shop\ItemsApi
INFO  06:13:37 Content root path: C:\Users\Ritik\source\repos\Cake Shop\ItemsApi
INFO  06:13:37 Fetching Items
INFO  06:13:37 Fetching Items
INFO  06:40:08 Application started. Press Ctrl+C to shut down.
INFO  06:40:08 Application started. Press Ctrl+C to shut down.
INFO  06:40:08 Hosting environment: Development
INFO  06:40:08 Hosting environment: Development
INFO  06:40:08 Content root path: C:\Users\Ritik\source\repos\Cake Shop\ItemsApi
INFO  06:40:08 Content root path: C:\Users\Ritik\source\repos\Cake Shop\ItemsApi
INFO  06:40:09 Fetching Items
INFO  06:40:09 Fetching Items
INFO  07:24:56 Application started. Press Ctrl+C to shut down.
INFO  07:24:56 Application started. Press Ctrl+C to shut down.
INFO  07:24:56 Hosting environment: Development
INFO  07:24:56 Hosting environment: Development
INFO  07:24:56 Content root path: C:\Users\Ritik\source\repos\Cake Shop\ItemsApi
INFO  07:24:56 Content root path: C:\Users\Ritik\source\repos\Cake Shop\ItemsApi
INFO  07:24:56 Fetching Items
INFO  07:24:57 Fetching Items
INFO  08:06:29 Application started. Press Ctrl+C to shut down.
INFO  08:06:29 Application started. Press Ctrl+C to shut down.
INFO  08:06:29 Hosting environment: Development
INFO  08:06:29 Hosting environment: Development
INFO  08:06:29 Content root path: C:\Users\Ritik\source\repos\Cake Shop\ItemsApi
INFO  08:06:29 Content root path: C:\Users\Ritik\source\repos\Cake Shop\ItemsApi
INFO  08:06:30 Fetching Items
INFO  08:06:33 Fetching Items
INFO  08:39:05 Application started. Press Ctrl+C to shut down.
INFO  08:39:05 Application started. Press Ctrl+C to shut down.
INFO  08:39:05 Hosting environment: Development
INFO  08:39:05 Hosting environment: Development
INFO  08:39:05 Content root path: C:\Users\Ritik\source\repos\Cake Shop\ItemsApi
INFO  08:39:05 Content root path: C:\Users\Ritik\source\repos\Cake Shop\ItemsApi
INFO  08:39:06 Fetching Items
INFO  08:39:06 Fetching Items
INFO  08:48:15 Application started. Press Ctrl+C to shut down.
INFO  08:48:15 Application started. Press Ctrl+C to shut down.
INFO  08:48:15 Hosting environment: Development
INFO  08:48:15 Hosting environment: Development
INFO  08:48:15 Content root path: C:\Users\Ritik\source\repos\Cake Shop\ItemsApi
INFO  08:48:15 Content root path: C:\Users\Ritik\source\repos\Cake Shop\ItemsApi
INFO  08:48:15 Fetching Items
INFO  08:48:15 Fetching Items
INFO  08:49:57 Fetching Items
INFO  08:52:17 Fetching Items
INFO  12:40:24 Application started. Press Ctrl+C to shut down.
INFO  12:40:24 Application started. Press Ctrl+C to shut down.
INFO  12:40:24 Hosting environment: Development
INFO  12:40:24 Hosting environment: Development
INFO  12:40:24 Content root path: C:\Users\Ritik\source\repos\Cake Shop\ItemsApi
INFO  12:40:24 Content root path: C:\Users\Ritik\source\repos\Cake Shop\ItemsApi
INFO  12:40:25 Fetching Items
INFO  12:40:25 Fetching Items
INFO  12:57:06 Application started. Press Ctrl+C to shut down.
INFO  12:57:06 Application started. Press Ctrl+C to shut down.
INFO  12:57:06 Hosting environment: Development
INFO  12:57:06 Hosting environment: Development
INFO  12:57:06 Content root path: C:\Users\Ritik\source\repos\Cake Shop\ItemsApi
INFO  12:57:06 Content root path: C:\Users\Ritik\source\repos\Cake Shop\ItemsApi
INFO  12:57:06 Fetching Items
INFO  12:57:07 Fetching Items
INFO  01:47:49 Application started. Press Ctrl+C to shut down.
INFO  01:47:49 Application started. Press Ctrl+C to shut down.
INFO  01:47:49 Hosting environment: Development
INFO  01:47:49 Hosting environment: Development
INFO  01:47:49 Content root path: C:\Users\Ritik\source\repos\Cake Shop\ItemsApi
INFO  01:47:49 Content root path: C:\Users\Ritik\source\repos\Cake Shop\ItemsApi
INFO  01:47:49 Fetching Items
INFO  01:47:49 Fetching Items
INFO  01:50:08 Fetching Items
INFO  01:52:01 Fetching Items
INFO  01:52:26 Fetching Items
INFO  01:52:54 Fetching Items
INFO  01:52:58 Fetching Items
INFO  01:54:11 Fetching Items
INFO  01:54:24 Fetching Items
INFO  01:54:43 Fetching Items
INFO  01:55:33 Fetching Items
INFO  01:55:48 Fetching Items
INFO  01:56:45 Fetching Items
INFO  01:57:14 Fetching Items
INFO  01:57:30 Fetching Items
INFO  01:57:43 Fetching Items
INFO  02:34:16 Application started. Press Ctrl+C to shut down.
INFO  02:34:16 Application started. Press Ctrl+C to shut down.
INFO  02:34:16 Hosting environment: Development
INFO  02:34:16 Hosting environment: Development
INFO  02:34:16 Content root path: C:\Users\Ritik\source\repos\Cake Shop\ItemsApi
INFO  02:34:16 Content root path: C:\Users\Ritik\source\repos\Cake Shop\ItemsApi
INFO  02:34:17 Fetching Items
INFO  02:34:19 Fetching Items
INFO  02:40:04 Application started. Press Ctrl+C to shut down.
INFO  02:40:04 Application started. Press Ctrl+C to shut down.
INFO  02:40:04 Hosting environment: Development
INFO  02:40:04 Hosting environment: Development
INFO  02:40:04 Content root path: C:\Users\Ritik\source\repos\Cake Shop\ItemsApi
INFO  02:40:04 Content root path: C:\Users\Ritik\source\repos\Cake Shop\ItemsApi
INFO  02:40:05 Fetching Items
INFO  02:40:05 Fetching Items
INFO  02:41:41 Application started. Press Ctrl+C to shut down.
INFO  02:41:41 Application started. Press Ctrl+C to shut down.
INFO  02:41:41 Hosting environment: Development
INFO  02:41:41 Hosting environment: Development
INFO  02:41:41 Content root path: C:\Users\Ritik\source\repos\Cake Shop\ItemsApi
INFO  02:41:41 Content root path: C:\Users\Ritik\source\repos\Cake Shop\ItemsApi
INFO  02:41:42 Fetching Items
INFO  02:41:42 Fetching Items
INFO  02:45:09 Fetching Items
INFO  02:47:52 Application started. Press Ctrl+C to shut down.
INFO  02:47:52 Application started. Press Ctrl+C to shut down.
INFO  02:47:52 Hosting environment: Development
INFO  02:47:52 Hosting environment: Development
INFO  02:47:52 Content root path: C:\Users\Ritik\source\repos\Cake Shop\ItemsApi
INFO  02:47:52 Content root path: C:\Users\Ritik\source\repos\Cake Shop\ItemsApi
INFO  02:47:53 Fetching Items
INFO  02:47:53 Fetching Items
INFO  02:50:55 Application started. Press Ctrl+C to shut down.
INFO  02:50:55 Application started. Press Ctrl+C to shut down.
INFO  02:50:55 Hosting environment: Development
INFO  02:50:55 Hosting environment: Development
INFO  02:50:55 Content root path: C:\Users\Ritik\source\repos\Cake Shop\ItemsApi
INFO  02:50:55 Content root path: C:\Users\Ritik\source\repos\Cake Shop\ItemsApi
INFO  02:50:55 Fetching Items
INFO  02:50:56 Fetching Items
INFO  02:52:14 Fetching Items
INFO  03:31:23 Application started. Press Ctrl+C to shut down.
INFO  03:31:23 Application started. Press Ctrl+C to shut down.
INFO  03:31:23 Hosting environment: Development
INFO  03:31:23 Hosting environment: Development
INFO  03:31:23 Content root path: C:\Users\Ritik\source\repos\Cake Shop\ItemsApi
INFO  03:31:23 Content root path: C:\Users\Ritik\source\repos\Cake Shop\ItemsApi
INFO  03:31:23 Fetching Items
INFO  03:31:23 Fetching Items
INFO  03:58:36 Application started. Press Ctrl+C to shut down.
INFO  03:58:36 Application started. Press Ctrl+C to shut down.
INFO  03:58:36 Hosting environment: Development
INFO  03:58:36 Hosting environment: Development
INFO  03:58:36 Content root path: C:\Users\Ritik\source\repos\Cake Shop\ItemsApi
INFO  03:58:36 Content root path: C:\Users\Ritik\source\repos\Cake Shop\ItemsApi
INFO  03:58:36 Fetching Items
INFO  03:58:37 Fetching Items
INFO  03:59:26 Fetching Items
INFO  03:59:33 Fetching Items
INFO  03:59:46 Fetching Items
INFO  04:00:13 Fetching Items
INFO  04:01:32 Fetching Items
INFO  04:25:19 Application started. Press Ctrl+C to shut down.
INFO  04:25:19 Application started. Press Ctrl+C to shut down.
INFO  04:25:19 Hosting environment: Development
INFO  04:25:19 Hosting environment: Development
INFO  04:25:19 Content root path: C:\Users\Ritik\source\repos\Cake Shop\ItemsApi
INFO  04:25:19 Content root path: C:\Users\Ritik\source\repos\Cake Shop\ItemsApi
INFO  04:25:20 Fetching Items
INFO  04:25:20 Fetching Items
INFO  04:27:45 Application started. Press Ctrl+C to shut down.
INFO  04:27:45 Application started. Press Ctrl+C to shut down.
INFO  04:27:45 Hosting environment: Development
INFO  04:27:45 Hosting environment: Development
INFO  04:27:46 Content root path: C:\Users\Ritik\source\repos\Cake Shop\ItemsApi
INFO  04:27:46 Content root path: C:\Users\Ritik\source\repos\Cake Shop\ItemsApi
INFO  04:27:46 Fetching Items
INFO  04:27:46 Fetching Items
INFO  04:28:10 Fetching Items
INFO  05:05:42 Application started. Press Ctrl+C to shut down.
INFO  05:05:42 Application started. Press Ctrl+C to shut down.
INFO  05:05:42 Hosting environment: Development
INFO  05:05:42 Hosting environment: Development
INFO  05:05:42 Content root path: C:\Users\Ritik\source\repos\Cake Shop\ItemsApi
INFO  05:05:42 Content root path: C:\Users\Ritik\source\repos\Cake Shop\ItemsApi
INFO  05:05:42 Fetching Items
INFO  05:05:42 Fetching Items
INFO  05:06:08 Fetching Items
INFO  05:09:40 Application started. Press Ctrl+C to shut down.
INFO  05:09:40 Application started. Press Ctrl+C to shut down.
INFO  05:09:40 Hosting environment: Development
INFO  05:09:40 Hosting environment: Development
INFO  05:09:40 Content root path: C:\Users\Ritik\source\repos\Cake Shop\ItemsApi
INFO  05:09:40 Content root path: C:\Users\Ritik\source\repos\Cake Shop\ItemsApi
INFO  05:09:41 Fetching Items
INFO  05:09:41 Fetching Items
INFO  11:03:00 Application started. Press Ctrl+C to shut down.
INFO  11:03:00 Application started. Press Ctrl+C to shut down.
INFO  11:03:00 Hosting environment: Development
INFO  11:03:00 Hosting environment: Development
INFO  11:03:00 Content root path: C:\Users\Ritik\source\repos\Cake Shop\ItemsApi
INFO  11:03:00 Content root path: C:\Users\Ritik\source\repos\Cake Shop\ItemsApi
INFO  11:08:27 Fetching Items
INFO  12:29:30 Application started. Press Ctrl+C to shut down.
INFO  12:29:30 Application started. Press Ctrl+C to shut down.
INFO  12:29:30 Hosting environment: Development
INFO  12:29:30 Hosting environment: Development
INFO  12:29:30 Content root path: C:\Users\Ritik\source\repos\Cake Shop\ItemsApi
INFO  12:29:30 Content root path: C:\Users\Ritik\source\repos\Cake Shop\ItemsApi
INFO  12:29:32 Fetching Items
INFO  12:31:18 Fetching Items
INFO  12:41:08 Application started. Press Ctrl+C to shut down.
INFO  12:41:08 Application started. Press Ctrl+C to shut down.
INFO  12:41:08 Hosting environment: Development
INFO  12:41:08 Hosting environment: Development
INFO  12:41:08 Content root path: C:\Users\Ritik\source\repos\Cake Shop\ItemsApi
INFO  12:41:08 Content root path: C:\Users\Ritik\source\repos\Cake Shop\ItemsApi
INFO  12:41:09 Fetching Items
INFO  12:42:28 Fetching Items
INFO  03:06:03 Application started. Press Ctrl+C to shut down.
INFO  03:06:03 Application started. Press Ctrl+C to shut down.
INFO  03:06:03 Hosting environment: Development
INFO  03:06:03 Hosting environment: Development
INFO  03:06:03 Content root path: C:\Users\Ritik\source\repos\Cake Shop\ItemsApi
INFO  03:06:03 Content root path: C:\Users\Ritik\source\repos\Cake Shop\ItemsApi
INFO  03:06:03 Fetching Items
INFO  03:21:15 Application started. Press Ctrl+C to shut down.
INFO  03:21:15 Application started. Press Ctrl+C to shut down.
INFO  03:21:15 Hosting environment: Development
INFO  03:21:15 Hosting environment: Development
INFO  03:21:15 Content root path: C:\Users\Ritik\source\repos\Cake Shop\ItemsApi
INFO  03:21:15 Content root path: C:\Users\Ritik\source\repos\Cake Shop\ItemsApi
INFO  03:21:16 Fetching Items
INFO  03:25:06 Application started. Press Ctrl+C to shut down.
INFO  03:25:06 Application started. Press Ctrl+C to shut down.
INFO  03:25:06 Hosting environment: Development
INFO  03:25:06 Hosting environment: Development
INFO  03:25:06 Content root path: C:\Users\Ritik\source\repos\Cake Shop\ItemsApi
INFO  03:25:06 Content root path: C:\Users\Ritik\source\repos\Cake Shop\ItemsApi
INFO  03:25:07 Fetching Items
INFO  03:25:39 Fetching Items
INFO  03:25:59 Fetching Items
INFO  03:28:58 Fetching Items
INFO  03:29:35 Application started. Press Ctrl+C to shut down.
INFO  03:29:35 Application started. Press Ctrl+C to shut down.
INFO  03:29:35 Hosting environment: Development
INFO  03:29:35 Hosting environment: Development
INFO  03:29:35 Content root path: C:\Users\Ritik\source\repos\Cake Shop\ItemsApi
INFO  03:29:35 Content root path: C:\Users\Ritik\source\repos\Cake Shop\ItemsApi
INFO  03:29:37 Fetching Items
INFO  03:39:59 Application started. Press Ctrl+C to shut down.
INFO  03:39:59 Application started. Press Ctrl+C to shut down.
INFO  03:39:59 Hosting environment: Development
INFO  03:39:59 Hosting environment: Development
INFO  03:39:59 Content root path: C:\Users\Ritik\source\repos\Cake Shop\ItemsApi
INFO  03:39:59 Content root path: C:\Users\Ritik\source\repos\Cake Shop\ItemsApi
INFO  03:40:00 Fetching Items
INFO  12:15:23 Application started. Press Ctrl+C to shut down.
INFO  12:15:23 Application started. Press Ctrl+C to shut down.
INFO  12:15:23 Hosting environment: Development
INFO  12:15:23 Hosting environment: Development
INFO  12:15:23 Content root path: C:\Users\Ritik\source\repos\Cake Shop\ItemsApi
INFO  12:15:23 Content root path: C:\Users\Ritik\source\repos\Cake Shop\ItemsApi
INFO  12:15:24 Fetching Items
INFO  12:22:15 Application started. Press Ctrl+C to shut down.
INFO  12:22:15 Application started. Press Ctrl+C to shut down.
INFO  12:22:15 Hosting environment: Development
INFO  12:22:15 Hosting environment: Development
INFO  12:22:15 Content root path: C:\Users\Ritik\source\repos\Cake Shop\ItemsApi
INFO  12:22:15 Content root path: C:\Users\Ritik\source\repos\Cake Shop\ItemsApi
INFO  12:22:16 Fetching Items
INFO  12:51:07 Application started. Press Ctrl+C to shut down.
INFO  12:51:07 Application started. Press Ctrl+C to shut down.
INFO  12:51:07 Hosting environment: Development
INFO  12:51:07 Hosting environment: Development
INFO  12:51:07 Content root path: C:\Users\Ritik\source\repos\Cake Shop\ItemsApi
INFO  12:51:07 Content root path: C:\Users\Ritik\source\repos\Cake Shop\ItemsApi
INFO  12:51:08 Fetching Items
INFO  12:54:12 Application started. Press Ctrl+C to shut down.
INFO  12:54:12 Application started. Press Ctrl+C to shut down.
INFO  12:54:12 Hosting environment: Development
INFO  12:54:12 Hosting environment: Development
INFO  12:54:12 Content root path: C:\Users\Ritik\source\repos\Cake Shop\ItemsApi
INFO  12:54:12 Content root path: C:\Users\Ritik\source\repos\Cake Shop\ItemsApi
INFO  12:54:13 Fetching Items
INFO  01:16:43 Application started. Press Ctrl+C to shut down.
INFO  01:16:43 Application started. Press Ctrl+C to shut down.
INFO  01:16:43 Hosting environment: Development
INFO  01:16:43 Hosting environment: Development
INFO  01:16:43 Content root path: C:\Users\Ritik\source\repos\Cake Shop\ItemsApi
INFO  01:16:43 Content root path: C:\Users\Ritik\source\repos\Cake Shop\ItemsApi
INFO  01:16:44 Fetching Items
INFO  01:17:11 Fetching Items
INFO  01:39:32 Application started. Press Ctrl+C to shut down.
INFO  01:39:32 Application started. Press Ctrl+C to shut down.
INFO  01:39:32 Hosting environment: Development
INFO  01:39:32 Hosting environment: Development
INFO  01:39:32 Content root path: C:\Users\Ritik\source\repos\Cake Shop\ItemsApi
INFO  01:39:32 Content root path: C:\Users\Ritik\source\repos\Cake Shop\ItemsApi
INFO  01:39:32 Fetching Items
INFO  01:45:17 Application started. Press Ctrl+C to shut down.
INFO  01:45:17 Application started. Press Ctrl+C to shut down.
INFO  01:45:17 Hosting environment: Development
INFO  01:45:17 Hosting environment: Development
INFO  01:45:17 Content root path: C:\Users\Ritik\source\repos\Cake Shop\ItemsApi
INFO  01:45:17 Content root path: C:\Users\Ritik\source\repos\Cake Shop\ItemsApi
INFO  01:45:18 Fetching Items
INFO  01:47:08 Fetching Items
INFO  01:50:12 Fetching Items
INFO  01:51:10 Application started. Press Ctrl+C to shut down.
INFO  01:51:10 Application started. Press Ctrl+C to shut down.
INFO  01:51:10 Hosting environment: Development
INFO  01:51:10 Hosting environment: Development
INFO  01:51:10 Content root path: C:\Users\Ritik\source\repos\Cake Shop\ItemsApi
INFO  01:51:10 Content root path: C:\Users\Ritik\source\repos\Cake Shop\ItemsApi
INFO  01:51:11 Fetching Items
INFO  02:26:37 Application started. Press Ctrl+C to shut down.
INFO  02:26:37 Application started. Press Ctrl+C to shut down.
INFO  02:26:37 Hosting environment: Development
INFO  02:26:37 Hosting environment: Development
INFO  02:26:37 Content root path: C:\Users\Ritik\source\repos\Cake Shop\ItemsApi
INFO  02:26:37 Content root path: C:\Users\Ritik\source\repos\Cake Shop\ItemsApi
INFO  02:26:39 Fetching Items
INFO  02:30:23 Application started. Press Ctrl+C to shut down.
INFO  02:30:23 Application started. Press Ctrl+C to shut down.
INFO  02:30:23 Hosting environment: Development
INFO  02:30:23 Hosting environment: Development
INFO  02:30:23 Content root path: C:\Users\Ritik\source\repos\Cake Shop\ItemsApi
INFO  02:30:23 Content root path: C:\Users\Ritik\source\repos\Cake Shop\ItemsApi
INFO  02:30:24 Fetching Items
INFO  02:33:57 Application started. Press Ctrl+C to shut down.
INFO  02:33:57 Application started. Press Ctrl+C to shut down.
INFO  02:33:57 Hosting environment: Development
INFO  02:33:57 Hosting environment: Development
INFO  02:33:57 Content root path: C:\Users\Ritik\source\repos\Cake Shop\ItemsApi
INFO  02:33:57 Content root path: C:\Users\Ritik\source\repos\Cake Shop\ItemsApi
INFO  02:33:58 Fetching Items
INFO  02:39:15 Application started. Press Ctrl+C to shut down.
INFO  02:39:15 Application started. Press Ctrl+C to shut down.
INFO  02:39:15 Hosting environment: Development
INFO  02:39:15 Hosting environment: Development
INFO  02:39:15 Content root path: C:\Users\Ritik\source\repos\Cake Shop\ItemsApi
INFO  02:39:15 Content root path: C:\Users\Ritik\source\repos\Cake Shop\ItemsApi
INFO  02:39:16 Fetching Items
INFO  02:43:28 Application started. Press Ctrl+C to shut down.
INFO  02:43:28 Application started. Press Ctrl+C to shut down.
INFO  02:43:28 Hosting environment: Development
INFO  02:43:28 Hosting environment: Development
INFO  02:43:28 Content root path: C:\Users\Ritik\source\repos\Cake Shop\ItemsApi
INFO  02:43:28 Content root path: C:\Users\Ritik\source\repos\Cake Shop\ItemsApi
INFO  02:43:29 Fetching Items
INFO  03:04:35 Application started. Press Ctrl+C to shut down.
INFO  03:04:35 Application started. Press Ctrl+C to shut down.
INFO  03:04:35 Hosting environment: Development
INFO  03:04:35 Hosting environment: Development
INFO  03:04:35 Content root path: C:\Users\Ritik\source\repos\Cake Shop\ItemsApi
INFO  03:04:35 Content root path: C:\Users\Ritik\source\repos\Cake Shop\ItemsApi
INFO  03:04:36 Fetching Items
INFO  03:05:59 Fetching Items
INFO  03:43:02 Application started. Press Ctrl+C to shut down.
INFO  03:43:02 Application started. Press Ctrl+C to shut down.
INFO  03:43:02 Hosting environment: Development
INFO  03:43:02 Hosting environment: Development
INFO  03:43:02 Content root path: C:\Users\Ritik\source\repos\Cake Shop\ItemsApi
INFO  03:43:02 Content root path: C:\Users\Ritik\source\repos\Cake Shop\ItemsApi
INFO  03:43:03 Fetching Items
INFO  03:43:55 Fetching Items
INFO  03:44:10 Fetching Items
INFO  03:47:40 Application started. Press Ctrl+C to shut down.
INFO  03:47:40 Application started. Press Ctrl+C to shut down.
INFO  03:47:40 Hosting environment: Development
INFO  03:47:40 Hosting environment: Development
INFO  03:47:40 Content root path: C:\Users\Ritik\source\repos\Cake Shop\ItemsApi
INFO  03:47:40 Content root path: C:\Users\Ritik\source\repos\Cake Shop\ItemsApi
INFO  03:47:41 Fetching Items
INFO  03:48:20 Fetching Items
INFO  03:48:47 Fetching Items
INFO  03:52:06 Application started. Press Ctrl+C to shut down.
INFO  03:52:06 Application started. Press Ctrl+C to shut down.
INFO  03:52:06 Hosting environment: Development
INFO  03:52:06 Hosting environment: Development
INFO  03:52:06 Content root path: C:\Users\Ritik\source\repos\Cake Shop\ItemsApi
INFO  03:52:06 Content root path: C:\Users\Ritik\source\repos\Cake Shop\ItemsApi
INFO  03:52:07 Fetching Items
INFO  03:53:54 Fetching Items
INFO  03:54:46 Application started. Press Ctrl+C to shut down.
INFO  03:54:46 Application started. Press Ctrl+C to shut down.
INFO  03:54:46 Hosting environment: Development
INFO  03:54:46 Hosting environment: Development
INFO  03:54:46 Content root path: C:\Users\Ritik\source\repos\Cake Shop\ItemsApi
INFO  03:54:46 Content root path: C:\Users\Ritik\source\repos\Cake Shop\ItemsApi
INFO  03:54:47 Fetching Items
INFO  04:08:03 Application started. Press Ctrl+C to shut down.
INFO  04:08:03 Application started. Press Ctrl+C to shut down.
INFO  04:08:03 Hosting environment: Development
INFO  04:08:03 Hosting environment: Development
INFO  04:08:03 Content root path: C:\Users\Ritik\source\repos\Cake Shop\ItemsApi
INFO  04:08:03 Content root path: C:\Users\Ritik\source\repos\Cake Shop\ItemsApi
INFO  04:08:04 Fetching Items
INFO  04:13:05 Application started. Press Ctrl+C to shut down.
INFO  04:13:05 Application started. Press Ctrl+C to shut down.
INFO  04:13:05 Hosting environment: Development
INFO  04:13:05 Hosting environment: Development
INFO  04:13:05 Content root path: C:\Users\Ritik\source\repos\Cake Shop\ItemsApi
INFO  04:13:05 Content root path: C:\Users\Ritik\source\repos\Cake Shop\ItemsApi
INFO  04:13:06 Fetching Items
INFO  04:13:15 Fetching Items
INFO  04:14:32 Fetching Items
INFO  04:19:43 Application started. Press Ctrl+C to shut down.
INFO  04:19:43 Application started. Press Ctrl+C to shut down.
INFO  04:19:44 Hosting environment: Development
INFO  04:19:44 Hosting environment: Development
INFO  04:19:44 Content root path: C:\Users\Ritik\source\repos\Cake Shop\ItemsApi
INFO  04:19:44 Content root path: C:\Users\Ritik\source\repos\Cake Shop\ItemsApi
INFO  04:19:45 Fetching Items
INFO  04:20:54 Fetching Items
INFO  04:25:37 Application started. Press Ctrl+C to shut down.
INFO  04:25:37 Application started. Press Ctrl+C to shut down.
INFO  04:25:37 Hosting environment: Development
INFO  04:25:37 Hosting environment: Development
INFO  04:25:37 Content root path: C:\Users\Ritik\source\repos\Cake Shop\ItemsApi
INFO  04:25:37 Content root path: C:\Users\Ritik\source\repos\Cake Shop\ItemsApi
INFO  04:25:38 Fetching Items
INFO  04:27:20 Fetching Items
INFO  04:28:18 Application started. Press Ctrl+C to shut down.
INFO  04:28:18 Application started. Press Ctrl+C to shut down.
INFO  04:28:18 Hosting environment: Development
INFO  04:28:18 Hosting environment: Development
INFO  04:28:18 Content root path: C:\Users\Ritik\source\repos\Cake Shop\ItemsApi
INFO  04:28:18 Content root path: C:\Users\Ritik\source\repos\Cake Shop\ItemsApi
INFO  04:28:19 Fetching Items
INFO  11:45:41 Application started. Press Ctrl+C to shut down.
INFO  11:45:41 Application started. Press Ctrl+C to shut down.
INFO  11:45:41 Hosting environment: Development
INFO  11:45:41 Hosting environment: Development
INFO  11:45:41 Content root path: C:\Users\Ritik\source\repos\Cake Shop\ItemsApi
INFO  11:45:41 Content root path: C:\Users\Ritik\source\repos\Cake Shop\ItemsApi
INFO  11:45:44 Fetching Items
INFO  11:58:13 Application started. Press Ctrl+C to shut down.
INFO  11:58:13 Application started. Press Ctrl+C to shut down.
INFO  11:58:13 Hosting environment: Development
INFO  11:58:13 Hosting environment: Development
INFO  11:58:13 Content root path: C:\Users\Ritik\source\repos\Cake Shop\ItemsApi
INFO  11:58:13 Content root path: C:\Users\Ritik\source\repos\Cake Shop\ItemsApi
INFO  11:58:14 Fetching Items
INFO  12:03:31 Application started. Press Ctrl+C to shut down.
INFO  12:03:31 Application started. Press Ctrl+C to shut down.
INFO  12:03:31 Hosting environment: Development
INFO  12:03:31 Hosting environment: Development
INFO  12:03:31 Content root path: C:\Users\Ritik\source\repos\Cake Shop\ItemsApi
INFO  12:03:31 Content root path: C:\Users\Ritik\source\repos\Cake Shop\ItemsApi
INFO  12:03:33 Fetching Items
INFO  12:07:43 Application started. Press Ctrl+C to shut down.
INFO  12:07:43 Application started. Press Ctrl+C to shut down.
INFO  12:07:43 Hosting environment: Development
INFO  12:07:43 Hosting environment: Development
INFO  12:07:43 Content root path: C:\Users\Ritik\source\repos\Cake Shop\ItemsApi
INFO  12:07:43 Content root path: C:\Users\Ritik\source\repos\Cake Shop\ItemsApi
INFO  12:07:44 Fetching Items
INFO  12:33:31 Application started. Press Ctrl+C to shut down.
INFO  12:33:31 Application started. Press Ctrl+C to shut down.
INFO  12:33:31 Hosting environment: Development
INFO  12:33:31 Hosting environment: Development
INFO  12:33:31 Content root path: C:\Users\Ritik\source\repos\Cake Shop\ItemsApi
INFO  12:33:31 Content root path: C:\Users\Ritik\source\repos\Cake Shop\ItemsApi
INFO  12:33:33 Fetching Items
INFO  12:46:01 Application started. Press Ctrl+C to shut down.
INFO  12:46:01 Application started. Press Ctrl+C to shut down.
INFO  12:46:01 Hosting environment: Development
INFO  12:46:01 Hosting environment: Development
INFO  12:46:01 Content root path: C:\Users\Ritik\source\repos\Cake Shop\ItemsApi
INFO  12:46:01 Content root path: C:\Users\Ritik\source\repos\Cake Shop\ItemsApi
INFO  12:46:03 Fetching Items
INFO  12:53:13 Application started. Press Ctrl+C to shut down.
INFO  12:53:13 Application started. Press Ctrl+C to shut down.
INFO  12:53:13 Hosting environment: Development
INFO  12:53:13 Hosting environment: Development
INFO  12:53:13 Content root path: C:\Users\Ritik\source\repos\Cake Shop\ItemsApi
INFO  12:53:13 Content root path: C:\Users\Ritik\source\repos\Cake Shop\ItemsApi
INFO  12:53:16 Fetching Items
INFO  01:00:54 Application started. Press Ctrl+C to shut down.
INFO  01:00:54 Application started. Press Ctrl+C to shut down.
INFO  01:00:54 Hosting environment: Development
INFO  01:00:54 Hosting environment: Development
INFO  01:00:54 Content root path: C:\Users\Ritik\source\repos\Cake Shop\ItemsApi
INFO  01:00:54 Content root path: C:\Users\Ritik\source\repos\Cake Shop\ItemsApi
INFO  01:00:55 Fetching Items
INFO  01:15:30 Application started. Press Ctrl+C to shut down.
INFO  01:15:30 Application started. Press Ctrl+C to shut down.
INFO  01:15:30 Hosting environment: Development
INFO  01:15:30 Hosting environment: Development
INFO  01:15:30 Content root path: C:\Users\Ritik\source\repos\Cake Shop\ItemsApi
INFO  01:15:30 Content root path: C:\Users\Ritik\source\repos\Cake Shop\ItemsApi
INFO  01:15:32 Fetching Items
INFO  01:16:13 Fetching Items
INFO  01:18:42 Application started. Press Ctrl+C to shut down.
INFO  01:18:42 Application started. Press Ctrl+C to shut down.
INFO  01:18:42 Hosting environment: Development
INFO  01:18:42 Hosting environment: Development
INFO  01:18:42 Content root path: C:\Users\Ritik\source\repos\Cake Shop\ItemsApi
INFO  01:18:42 Content root path: C:\Users\Ritik\source\repos\Cake Shop\ItemsApi
INFO  01:18:44 Fetching Items
INFO  01:19:00 Fetching Items
INFO  01:28:48 Application started. Press Ctrl+C to shut down.
INFO  01:28:48 Application started. Press Ctrl+C to shut down.
INFO  01:28:48 Hosting environment: Development
INFO  01:28:48 Hosting environment: Development
INFO  01:28:48 Content root path: C:\Users\Ritik\source\repos\Cake Shop\ItemsApi
INFO  01:28:48 Content root path: C:\Users\Ritik\source\repos\Cake Shop\ItemsApi
INFO  01:28:50 Fetching Items
INFO  01:28:55 Fetching Items
INFO  09:38:17 Application started. Press Ctrl+C to shut down.
INFO  09:38:17 Application started. Press Ctrl+C to shut down.
INFO  09:38:17 Hosting environment: Development
INFO  09:38:17 Hosting environment: Development
INFO  09:38:17 Content root path: C:\Users\Ritik\source\repos\Cake Shop\ItemsApi
INFO  09:38:17 Content root path: C:\Users\Ritik\source\repos\Cake Shop\ItemsApi
INFO  09:38:17 Fetching Items
INFO  09:39:39 Application started. Press Ctrl+C to shut down.
INFO  09:39:39 Application started. Press Ctrl+C to shut down.
INFO  09:39:39 Hosting environment: Development
INFO  09:39:39 Hosting environment: Development
INFO  09:39:39 Content root path: C:\Users\Ritik\source\repos\Cake Shop\ItemsApi
INFO  09:39:39 Content root path: C:\Users\Ritik\source\repos\Cake Shop\ItemsApi
INFO  09:39:40 Fetching Items
INFO  09:41:25 Application started. Press Ctrl+C to shut down.
INFO  09:41:25 Application started. Press Ctrl+C to shut down.
INFO  09:41:25 Hosting environment: Development
INFO  09:41:25 Hosting environment: Development
INFO  09:41:25 Content root path: C:\Users\Ritik\source\repos\Cake Shop\ItemsApi
INFO  09:41:25 Content root path: C:\Users\Ritik\source\repos\Cake Shop\ItemsApi
INFO  09:41:27 Fetching Items
INFO  09:45:16 Application started. Press Ctrl+C to shut down.
INFO  09:45:16 Application started. Press Ctrl+C to shut down.
INFO  09:45:16 Hosting environment: Development
INFO  09:45:16 Hosting environment: Development
INFO  09:45:16 Content root path: C:\Users\Ritik\source\repos\Cake Shop\ItemsApi
INFO  09:45:16 Content root path: C:\Users\Ritik\source\repos\Cake Shop\ItemsApi
INFO  09:45:17 Fetching Items
INFO  09:45:25 Fetching Items
INFO  09:51:35 Application started. Press Ctrl+C to shut down.
INFO  09:51:35 Application started. Press Ctrl+C to shut down.
INFO  09:51:35 Hosting environment: Development
INFO  09:51:35 Hosting environment: Development
INFO  09:51:35 Content root path: C:\Users\Ritik\source\repos\Cake Shop\ItemsApi
INFO  09:51:35 Content root path: C:\Users\Ritik\source\repos\Cake Shop\ItemsApi
INFO  09:51:37 Fetching Items
INFO  09:52:03 Fetching Items
INFO  09:52:13 Fetching Items
INFO  09:52:31 Fetching Items
INFO  09:55:54 Application started. Press Ctrl+C to shut down.
INFO  09:55:54 Application started. Press Ctrl+C to shut down.
INFO  09:55:54 Hosting environment: Development
INFO  09:55:54 Hosting environment: Development
INFO  09:55:54 Content root path: C:\Users\Ritik\source\repos\Cake Shop\ItemsApi
INFO  09:55:54 Content root path: C:\Users\Ritik\source\repos\Cake Shop\ItemsApi
INFO  09:55:55 Fetching Items
INFO  09:56:40 Fetching Items
INFO  09:59:18 Application started. Press Ctrl+C to shut down.
INFO  09:59:18 Application started. Press Ctrl+C to shut down.
INFO  09:59:18 Hosting environment: Development
INFO  09:59:18 Hosting environment: Development
INFO  09:59:18 Content root path: C:\Users\Ritik\source\repos\Cake Shop\ItemsApi
INFO  09:59:18 Content root path: C:\Users\Ritik\source\repos\Cake Shop\ItemsApi
INFO  09:59:19 Fetching Items
INFO  10:03:14 Application started. Press Ctrl+C to shut down.
INFO  10:03:14 Application started. Press Ctrl+C to shut down.
INFO  10:03:14 Hosting environment: Development
INFO  10:03:14 Hosting environment: Development
INFO  10:03:14 Content root path: C:\Users\Ritik\source\repos\Cake Shop\ItemsApi
INFO  10:03:14 Content root path: C:\Users\Ritik\source\repos\Cake Shop\ItemsApi
INFO  10:03:17 Fetching Items
INFO  10:03:52 Fetching Items
INFO  10:07:19 Application started. Press Ctrl+C to shut down.
INFO  10:07:19 Application started. Press Ctrl+C to shut down.
INFO  10:07:19 Hosting environment: Development
INFO  10:07:19 Hosting environment: Development
INFO  10:07:19 Content root path: C:\Users\Ritik\source\repos\Cake Shop\ItemsApi
INFO  10:07:19 Content root path: C:\Users\Ritik\source\repos\Cake Shop\ItemsApi
INFO  10:07:20 Fetching Items
INFO  10:08:39 Fetching Items
INFO  10:08:40 Fetching Items
INFO  10:08:41 Fetching Items
INFO  10:09:14 Application started. Press Ctrl+C to shut down.
INFO  10:09:14 Application started. Press Ctrl+C to shut down.
INFO  10:09:14 Hosting environment: Development
INFO  10:09:14 Hosting environment: Development
INFO  10:09:14 Content root path: C:\Users\Ritik\source\repos\Cake Shop\ItemsApi
INFO  10:09:14 Content root path: C:\Users\Ritik\source\repos\Cake Shop\ItemsApi
INFO  10:09:15 Fetching Items
INFO  10:09:44 Fetching Items
INFO  10:10:06 Fetching Items
INFO  10:18:05 Application started. Press Ctrl+C to shut down.
INFO  10:18:05 Application started. Press Ctrl+C to shut down.
INFO  10:18:05 Hosting environment: Development
INFO  10:18:05 Hosting environment: Development
INFO  10:18:05 Content root path: C:\Users\Ritik\source\repos\Cake Shop\ItemsApi
INFO  10:18:05 Content root path: C:\Users\Ritik\source\repos\Cake Shop\ItemsApi
INFO  10:18:06 Fetching Items
INFO  10:19:05 Fetching Items
INFO  10:22:42 Application started. Press Ctrl+C to shut down.
INFO  10:22:42 Application started. Press Ctrl+C to shut down.
INFO  10:22:42 Hosting environment: Development
INFO  10:22:42 Hosting environment: Development
INFO  10:22:42 Content root path: C:\Users\Ritik\source\repos\Cake Shop\ItemsApi
INFO  10:22:42 Content root path: C:\Users\Ritik\source\repos\Cake Shop\ItemsApi
INFO  10:22:44 Fetching Items
INFO  10:25:15 Application started. Press Ctrl+C to shut down.
INFO  10:25:15 Application started. Press Ctrl+C to shut down.
INFO  10:25:15 Hosting environment: Development
INFO  10:25:15 Hosting environment: Development
INFO  10:25:15 Content root path: C:\Users\Ritik\source\repos\Cake Shop\ItemsApi
INFO  10:25:15 Content root path: C:\Users\Ritik\source\repos\Cake Shop\ItemsApi
INFO  10:25:16 Fetching Items
INFO  10:25:42 Fetching Items
INFO  10:26:11 Fetching Items
INFO  10:27:53 Application started. Press Ctrl+C to shut down.
INFO  10:27:53 Application started. Press Ctrl+C to shut down.
INFO  10:27:53 Hosting environment: Development
INFO  10:27:53 Hosting environment: Development
INFO  10:27:53 Content root path: C:\Users\Ritik\source\repos\Cake Shop\ItemsApi
INFO  10:27:53 Content root path: C:\Users\Ritik\source\repos\Cake Shop\ItemsApi
INFO  10:27:54 Fetching Items
INFO  10:28:16 Fetching Items
INFO  10:31:05 Application started. Press Ctrl+C to shut down.
INFO  10:31:05 Application started. Press Ctrl+C to shut down.
INFO  10:31:05 Hosting environment: Development
INFO  10:31:05 Hosting environment: Development
INFO  10:31:05 Content root path: C:\Users\Ritik\source\repos\Cake Shop\ItemsApi
INFO  10:31:05 Content root path: C:\Users\Ritik\source\repos\Cake Shop\ItemsApi
INFO  10:31:06 Fetching Items
INFO  10:32:35 Application started. Press Ctrl+C to shut down.
INFO  10:32:35 Application started. Press Ctrl+C to shut down.
INFO  10:32:35 Hosting environment: Development
INFO  10:32:35 Hosting environment: Development
INFO  10:32:35 Content root path: C:\Users\Ritik\source\repos\Cake Shop\ItemsApi
INFO  10:32:35 Content root path: C:\Users\Ritik\source\repos\Cake Shop\ItemsApi
INFO  10:32:36 Fetching Items
INFO  10:33:27 Fetching Items
INFO  10:35:44 Application started. Press Ctrl+C to shut down.
INFO  10:35:44 Application started. Press Ctrl+C to shut down.
INFO  10:35:44 Hosting environment: Development
INFO  10:35:44 Hosting environment: Development
INFO  10:35:44 Content root path: C:\Users\Ritik\source\repos\Cake Shop\ItemsApi
INFO  10:35:44 Content root path: C:\Users\Ritik\source\repos\Cake Shop\ItemsApi
INFO  10:35:45 Fetching Items
INFO  10:39:18 Application started. Press Ctrl+C to shut down.
INFO  10:39:18 Application started. Press Ctrl+C to shut down.
INFO  10:39:18 Hosting environment: Development
INFO  10:39:18 Hosting environment: Development
INFO  10:39:18 Content root path: C:\Users\Ritik\source\repos\Cake Shop\ItemsApi
INFO  10:39:18 Content root path: C:\Users\Ritik\source\repos\Cake Shop\ItemsApi
INFO  10:39:19 Fetching Items
INFO  10:45:06 Application started. Press Ctrl+C to shut down.
INFO  10:45:06 Application started. Press Ctrl+C to shut down.
INFO  10:45:07 Hosting environment: Development
INFO  10:45:07 Hosting environment: Development
INFO  10:45:07 Content root path: C:\Users\Ritik\source\repos\Cake Shop\ItemsApi
INFO  10:45:07 Content root path: C:\Users\Ritik\source\repos\Cake Shop\ItemsApi
INFO  10:45:08 Fetching Items
INFO  10:45:50 Fetching Items
INFO  10:47:47 Application started. Press Ctrl+C to shut down.
INFO  10:47:47 Application started. Press Ctrl+C to shut down.
INFO  10:47:47 Hosting environment: Development
INFO  10:47:47 Hosting environment: Development
INFO  10:47:47 Content root path: C:\Users\Ritik\source\repos\Cake Shop\ItemsApi
INFO  10:47:47 Content root path: C:\Users\Ritik\source\repos\Cake Shop\ItemsApi
INFO  10:47:49 Fetching Items
INFO  10:50:43 Application started. Press Ctrl+C to shut down.
INFO  10:50:43 Application started. Press Ctrl+C to shut down.
INFO  10:50:43 Hosting environment: Development
INFO  10:50:43 Hosting environment: Development
INFO  10:50:43 Content root path: C:\Users\Ritik\source\repos\Cake Shop\ItemsApi
INFO  10:50:43 Content root path: C:\Users\Ritik\source\repos\Cake Shop\ItemsApi
INFO  10:50:45 Fetching Items
INFO  10:52:52 Application started. Press Ctrl+C to shut down.
INFO  10:52:52 Application started. Press Ctrl+C to shut down.
INFO  10:52:52 Hosting environment: Development
INFO  10:52:52 Hosting environment: Development
INFO  10:52:52 Content root path: C:\Users\Ritik\source\repos\Cake Shop\ItemsApi
INFO  10:52:52 Content root path: C:\Users\Ritik\source\repos\Cake Shop\ItemsApi
INFO  10:52:54 Fetching Items
INFO  10:56:06 Application started. Press Ctrl+C to shut down.
INFO  10:56:06 Application started. Press Ctrl+C to shut down.
INFO  10:56:06 Hosting environment: Development
INFO  10:56:06 Hosting environment: Development
INFO  10:56:06 Content root path: C:\Users\Ritik\source\repos\Cake Shop\ItemsApi
INFO  10:56:06 Content root path: C:\Users\Ritik\source\repos\Cake Shop\ItemsApi
INFO  10:56:07 Fetching Items
INFO  10:57:49 Application started. Press Ctrl+C to shut down.
INFO  10:57:49 Application started. Press Ctrl+C to shut down.
INFO  10:57:49 Hosting environment: Development
INFO  10:57:49 Hosting environment: Development
INFO  10:57:49 Content root path: C:\Users\Ritik\source\repos\Cake Shop\ItemsApi
INFO  10:57:49 Content root path: C:\Users\Ritik\source\repos\Cake Shop\ItemsApi
INFO  10:57:50 Fetching Items
INFO  11:01:14 Application started. Press Ctrl+C to shut down.
INFO  11:01:14 Application started. Press Ctrl+C to shut down.
INFO  11:01:14 Hosting environment: Development
INFO  11:01:14 Hosting environment: Development
INFO  11:01:14 Content root path: C:\Users\Ritik\source\repos\Cake Shop\ItemsApi
INFO  11:01:14 Content root path: C:\Users\Ritik\source\repos\Cake Shop\ItemsApi
INFO  11:01:15 Fetching Items
INFO  11:02:36 Application started. Press Ctrl+C to shut down.
INFO  11:02:36 Application started. Press Ctrl+C to shut down.
INFO  11:02:36 Hosting environment: Development
INFO  11:02:36 Hosting environment: Development
INFO  11:02:36 Content root path: C:\Users\Ritik\source\repos\Cake Shop\ItemsApi
INFO  11:02:36 Content root path: C:\Users\Ritik\source\repos\Cake Shop\ItemsApi
INFO  11:02:37 Fetching Items
INFO  11:03:31 Fetching Items
INFO  11:03:35 Fetching Items
INFO  11:03:50 Fetching Items
INFO  11:04:10 Fetching Items
INFO  11:04:12 Fetching Items
INFO  11:05:31 Fetching Items
